<?xml version="1.0" encoding="UTF-8"?>
<testng-results skipped="0" failed="0" ignored="0" total="1" passed="1">
  <reporter-output>
  </reporter-output>
  <suite name="Default suite" duration-ms="9288" started-at="2022-04-21T12:22:24Z" finished-at="2022-04-21T12:22:33Z">
    <groups>
    </groups>
    <test name="Default test" duration-ms="9288" started-at="2022-04-21T12:22:24Z" finished-at="2022-04-21T12:22:33Z">
      <class name="authentications.Oauth2_0">
        <test-method status="PASS" signature="oauthAuthentication()[pri:0, instance:authentications.Oauth2_0@4dfa3a9d]" name="oauthAuthentication" duration-ms="9190" started-at="2022-04-21T12:22:24Z" finished-at="2022-04-21T12:22:33Z">
          <reporter-output>
          </reporter-output>
        </test-method> <!-- oauthAuthentication -->
      </class> <!-- authentications.Oauth2_0 -->
    </test> <!-- Default test -->
  </suite> <!-- Default suite -->
</testng-results>
